<?xml version="1.0" encoding="UTF-8"?>
<!-- Generated by org.testng.reporters.JUnitReportReporter -->
<testsuite skipped="0" hostname="LAPTOP-SFHOUJD7" name="Fluentwait" tests="1" failures="0" timestamp="2021-12-03T15:00:31 IST" time="28.162" errors="0">
  <testcase name="implicitwait" time="28.162" classname="Fluentwait"/>
  <system-out/>
</testsuite> <!-- Fluentwait -->
