<?xml version="1.0" encoding="UTF-8"?>
<!-- Generated by org.testng.reporters.JUnitReportReporter -->
<testsuite skipped="0" hostname="LAPTOP-SFHOUJD7" name="Pvrslider" tests="1" failures="0" timestamp="2021-12-01T22:09:45 IST" time="15.940" errors="0">
  <testcase name="links" time="15.940" classname="Pvrslider"/>
  <system-out/>
</testsuite> <!-- Pvrslider -->
