<?xml version="1.0" encoding="UTF-8"?>
<!-- Generated by org.testng.reporters.JUnitReportReporter -->
<testsuite skipped="0" hostname="LAPTOP-SFHOUJD7" name="com.bankproject.testCases.TC_addNewCustomer_001" tests="1" failures="0" timestamp="2021-11-18T13:42:32 IST" time="29.384" errors="0">
  <testcase name="addNewCust" time="29.384" classname="com.bankproject.testCases.TC_addNewCustomer_001"/>
  <system-out/>
</testsuite> <!-- com.bankproject.testCases.TC_addNewCustomer_001 -->
