<?xml version="1.0" encoding="UTF-8"?>
<!-- Generated by org.testng.reporters.JUnitReportReporter -->
<testsuite skipped="0" hostname="LAPTOP-SFHOUJD7" name="com.bankproject.testCases.Tc_loginPage_001" tests="1" failures="0" timestamp="2021-12-07T20:44:32 IST" time="1.488" errors="0">
  <testcase name="login" time="1.488" classname="com.bankproject.testCases.Tc_loginPage_001"/>
  <system-out/>
</testsuite> <!-- com.bankproject.testCases.Tc_loginPage_001 -->
