<?xml version="1.0" encoding="UTF-8"?>
<!-- Generated by org.testng.reporters.JUnitReportReporter -->
<testsuite skipped="0" hostname="LAPTOP-SFHOUJD7" name="com.bankproject.testCases.AdavancedInteractions2" tests="1" failures="0" timestamp="2022-02-17T16:55:01 IST" time="7.509" errors="0">
  <testcase name="click" time="7.509" classname="com.bankproject.testCases.AdavancedInteractions2"/>
  <system-out/>
</testsuite> <!-- com.bankproject.testCases.AdavancedInteractions2 -->
