<?xml version="1.0" encoding="UTF-8"?>
<!-- Generated by org.testng.reporters.JUnitReportReporter -->
<testsuite skipped="0" hostname="LAPTOP-SFHOUJD7" name="com.bankproject.testCases.Windowhandles" tests="1" failures="0" timestamp="2021-12-03T20:42:51 IST" time="24.049" errors="0">
  <testcase name="dropdown" time="24.049" classname="com.bankproject.testCases.Windowhandles"/>
  <system-out/>
</testsuite> <!-- com.bankproject.testCases.Windowhandles -->
