<?xml version="1.0" encoding="UTF-8"?>
<!-- Generated by org.testng.reporters.JUnitReportReporter -->
<testsuite skipped="0" hostname="LAPTOP-SFHOUJD7" name="Screenshot" tests="1" failures="0" timestamp="2021-12-02T15:35:46 IST" time="15.209" errors="0">
  <testcase name="dropdown" time="15.209" classname="Screenshot"/>
  <system-out/>
</testsuite> <!-- Screenshot -->
