<?xml version="1.0" encoding="UTF-8"?>
<!-- Generated by org.testng.reporters.JUnitReportReporter -->
<testsuite skipped="0" hostname="LAPTOP-SFHOUJD7" name="com.bankproject.testCases.Tc_loginPage_001" tests="1" failures="0" timestamp="2021-12-25T21:58:14 IST" time="2.084" errors="0">
  <testcase name="login" time="2.084" classname="com.bankproject.testCases.Tc_loginPage_001"/>
  <system-out/>
</testsuite> <!-- com.bankproject.testCases.Tc_loginPage_001 -->
