<?xml version="1.0" encoding="UTF-8"?>
<!-- Generated by org.testng.reporters.JUnitReportReporter -->
<testsuite skipped="0" hostname="LAPTOP-SFHOUJD7" name="Clickondisplayedlinks" tests="1" failures="0" timestamp="2021-12-02T13:35:42 IST" time="14.232" errors="0">
  <testcase name="displayedLinks" time="14.232" classname="Clickondisplayedlinks"/>
  <system-out/>
</testsuite> <!-- Clickondisplayedlinks -->
