<?xml version="1.0" encoding="UTF-8"?>
<!-- Generated by org.testng.reporters.JUnitReportReporter -->
<testsuite skipped="0" hostname="LAPTOP-SFHOUJD7" name="AdavancedInteractions" tests="1" failures="0" timestamp="2021-12-05T19:20:02 IST" time="7.486" errors="0">
  <testcase name="click" time="7.486" classname="AdavancedInteractions"/>
  <system-out/>
</testsuite> <!-- AdavancedInteractions -->
