<?xml version="1.0" encoding="UTF-8"?>
<!-- Generated by org.testng.reporters.JUnitReportReporter -->
<testsuite skipped="0" hostname="LAPTOP-SFHOUJD7" name="Amazondropdown" tests="1" failures="0" timestamp="2021-12-02T14:27:57 IST" time="11.699" errors="0">
  <testcase name="dropdown" time="11.699" classname="Amazondropdown"/>
  <system-out/>
</testsuite> <!-- Amazondropdown -->
