<?xml version="1.0" encoding="UTF-8"?>
<!-- Generated by org.testng.reporters.JUnitReportReporter -->
<testsuite skipped="0" hostname="LAPTOP-SFHOUJD7" name="Alllinksofpage" tests="1" failures="0" timestamp="2021-12-01T20:47:22 IST" time="6.854" errors="0">
  <testcase name="links" time="6.854" classname="Alllinksofpage"/>
  <system-out/>
</testsuite> <!-- Alllinksofpage -->
