<?xml version="1.0" encoding="UTF-8"?>
<!-- Generated by org.testng.reporters.JUnitReportReporter -->
<testsuite skipped="0" hostname="LAPTOP-SFHOUJD7" name="Implicitwait" tests="1" failures="0" timestamp="2021-12-03T14:16:29 IST" time="21.749" errors="0">
  <testcase name="implicitwait" time="21.749" classname="Implicitwait"/>
  <system-out/>
</testsuite> <!-- Implicitwait -->
