<?xml version="1.0" encoding="UTF-8"?>
<!-- Generated by org.testng.reporters.JUnitReportReporter -->
<testsuite skipped="0" hostname="LAPTOP-SFHOUJD7" name="Frames" tests="1" failures="0" timestamp="2021-12-03T13:25:03 IST" time="21.907" errors="0">
  <testcase name="frames" time="21.907" classname="Frames"/>
  <system-out/>
</testsuite> <!-- Frames -->
