<?xml version="1.0" encoding="UTF-8"?>
<!-- Generated by org.testng.reporters.JUnitReportReporter -->
<testsuite skipped="0" hostname="LAPTOP-SFHOUJD7" name="Explicitwait" tests="1" failures="0" timestamp="2021-12-03T14:46:01 IST" time="37.339" errors="0">
  <testcase name="implicitwait" time="37.339" classname="Explicitwait"/>
  <system-out/>
</testsuite> <!-- Explicitwait -->
