<?xml version="1.0" encoding="UTF-8"?>
<!-- Generated by org.testng.reporters.JUnitReportReporter -->
<testsuite skipped="0" hostname="LAPTOP-SFHOUJD7" name="Windowhandles" tests="1" failures="0" timestamp="2021-12-03T10:54:51 IST" time="16.993" errors="0">
  <testcase name="dropdown" time="16.993" classname="Windowhandles"/>
  <system-out/>
</testsuite> <!-- Windowhandles -->
