<?xml version="1.0" encoding="UTF-8"?>
<!-- Generated by org.testng.reporters.JUnitReportReporter -->
<testsuite skipped="0" hostname="LAPTOP-SFHOUJD7" name="com.bankproject.testCases.AdavancedInteractions" tests="1" failures="0" timestamp="2022-02-17T17:55:27 IST" time="6.971" errors="0">
  <testcase name="click" time="6.971" classname="com.bankproject.testCases.AdavancedInteractions"/>
  <system-out/>
</testsuite> <!-- com.bankproject.testCases.AdavancedInteractions -->
