<?xml version="1.0" encoding="UTF-8"?>
<!-- Generated by org.testng.reporters.JUnitReportReporter -->
<testsuite skipped="0" hostname="LAPTOP-SFHOUJD7" name="Dropdownoptions" tests="1" failures="0" timestamp="2021-12-02T14:40:43 IST" time="6.416" errors="0">
  <testcase name="dropdown" time="6.416" classname="Dropdownoptions"/>
  <system-out/>
</testsuite> <!-- Dropdownoptions -->
