<?xml version="1.0" encoding="UTF-8"?>
<!-- Generated by org.testng.reporters.JUnitReportReporter -->
<testsuite skipped="0" hostname="LAPTOP-SFHOUJD7" name="com.bankproject.testCases.TC_addNewCustomer_001" tests="1" failures="0" timestamp="2021-11-19T21:18:46 IST" time="15.204" errors="0">
  <testcase name="addNewCust" time="15.204" classname="com.bankproject.testCases.TC_addNewCustomer_001"/>
  <system-out/>
</testsuite> <!-- com.bankproject.testCases.TC_addNewCustomer_001 -->
